<?xml version="1.0" encoding="UTF-8"?>
<!-- Generated by org.testng.reporters.JUnitReportReporter -->
<testsuite hostname="MYPC-PC" failures="0" tests="1" name="rest.OAuthTest" time="8.631" errors="0" timestamp="2023-01-18T17:58:25 IST" skipped="0">
  <testcase classname="rest.OAuthTest" name="AuthorizationTest" time="8.631"/>
  <system-out/>
</testsuite> <!-- rest.OAuthTest -->
