<?xml version="1.0" encoding="UTF-8"?>
<!-- Generated by org.testng.reporters.JUnitReportReporter -->
<testsuite hostname="MYPC-PC" failures="0" tests="1" name="rest.EcommerceAPITest" time="7.009" errors="0" timestamp="2023-01-21T16:29:28 IST" skipped="0">
  <testcase classname="rest.EcommerceAPITest" name="EndtoEndEcommerceAPITest" time="7.009"/>
  <system-out/>
</testsuite> <!-- rest.EcommerceAPITest -->
