<?xml version="1.0" encoding="UTF-8"?>
<!-- Generated by org.testng.reporters.JUnitReportReporter -->
<testsuite hostname="MYPC-PC" failures="0" tests="1" name="rest.SpecBuilderTest" time="5.135" errors="0" timestamp="2023-01-19T18:56:46 IST" skipped="0">
  <testcase classname="rest.SpecBuilderTest" name="AddPlace" time="5.135"/>
  <system-out/>
</testsuite> <!-- rest.SpecBuilderTest -->
