<?xml version="1.0" encoding="UTF-8"?>
<!-- Generated by org.testng.reporters.JUnitReportReporter -->
<testsuite hostname="MYPC-PC" failures="0" tests="1" name="rest.SerializationTestTutorial" time="4.388" errors="0" timestamp="2023-01-18T21:22:33 IST" skipped="0">
  <testcase classname="rest.SerializationTestTutorial" name="AddPlace" time="4.388"/>
  <system-out/>
</testsuite> <!-- rest.SerializationTestTutorial -->
